2023-09-11T00:00:30 ERROR User login successful
2023-09-11T00:01:00 INFO Database connection lost
2023-09-11T00:01:30 WARN Database connection lost
2023-09-11T00:02:00 ERROR Fetching data from API
2023-09-11T00:02:30 WARN User login successful
2023-09-11T00:03:00 WARN Processed batch job
2023-09-11T00:03:30 ERROR Cache miss
2023-09-11T00:04:00 ERROR Disk space low
2023-09-11T00:04:30 ERROR Request timed out
2023-09-11T00:05:00 ERROR User login successful
2023-09-11T00:05:30 ERROR Cache miss
2023-09-11T00:06:00 ERROR Database connection lost
2023-09-11T00:06:30 ERROR Cache miss
2023-09-11T00:07:00 WARN Fetching data from API
2023-09-11T00:07:30 INFO Cache miss
2023-09-11T00:08:00 WARN Retrying request
2023-09-11T00:08:30 WARN Disk space low
2023-09-11T00:09:00 WARN Disk space low
2023-09-11T00:09:30 WARN Database connection lost
2023-09-11T00:10:00 WARN Database connection lost
2023-09-11T00:10:30 ERROR Database connection lost
2023-09-11T00:11:00 WARN Processed batch job
2023-09-11T00:11:30 ERROR User login successful
2023-09-11T00:12:00 INFO Database connection lost
2023-09-11T00:12:30 ERROR Request timed out
2023-09-11T00:13:00 INFO Fetching data from API
2023-09-11T00:13:30 INFO Fetching data from API
2023-09-11T00:14:00 ERROR User login successful
2023-09-11T00:14:30 INFO Disk space low
2023-09-11T00:15:00 ERROR Disk space low
2023-09-11T00:15:30 ERROR Database connection lost
2023-09-11T00:16:00 INFO Fetching data from API
2023-09-11T00:16:30 INFO Retrying request
2023-09-11T00:17:00 INFO Disk space low
2023-09-11T00:17:30 WARN Cache miss
2023-09-11T00:18:00 ERROR Cache miss
2023-09-11T00:18:30 INFO User login successful
2023-09-11T00:19:00 ERROR Processed batch job
2023-09-11T00:19:30 INFO Database connection lost
2023-09-11T00:20:00 INFO Request timed out
2023-09-11T00:20:30 INFO Disk space low
2023-09-11T00:21:00 ERROR Cache miss
2023-09-11T00:21:30 INFO User login successful
2023-09-11T00:22:00 ERROR Request timed out
2023-09-11T00:22:30 INFO Database connection lost
2023-09-11T00:23:00 WARN Retrying request
2023-09-11T00:23:30 INFO Disk space low
2023-09-11T00:24:00 INFO Retrying request
2023-09-11T00:24:30 WARN Disk space low
2023-09-11T00:25:00 WARN Retrying request
2023-09-11T00:25:30 INFO Request timed out
2023-09-11T00:26:00 WARN Database connection lost
2023-09-11T00:26:30 ERROR Fetching data from API
2023-09-11T00:27:00 INFO Retrying request
2023-09-11T00:27:30 INFO Retrying request
2023-09-11T00:28:00 ERROR Processed batch job
2023-09-11T00:28:30 WARN Request timed out
2023-09-11T00:29:00 INFO Database connection lost
2023-09-11T00:29:30 INFO User login successful
2023-09-11T00:30:00 WARN Database connection lost
2023-09-11T00:30:30 WARN User login successful
2023-09-11T00:31:00 WARN Processed batch job
2023-09-11T00:31:30 INFO Retrying request
2023-09-11T00:32:00 WARN Database connection lost
2023-09-11T00:32:30 INFO Cache miss
2023-09-11T00:33:00 INFO Fetching data from API
2023-09-11T00:33:30 INFO Cache miss
2023-09-11T00:34:00 WARN Database connection lost
2023-09-11T00:34:30 INFO Retrying request
2023-09-11T00:35:00 INFO User login successful
2023-09-11T00:35:30 WARN Disk space low
2023-09-11T00:36:00 WARN Processed batch job
2023-09-11T00:36:30 ERROR Processed batch job
2023-09-11T00:37:00 INFO Cache miss
2023-09-11T00:37:30 WARN Request timed out
2023-09-11T00:38:00 ERROR Database connection lost
2023-09-11T00:38:30 ERROR Database connection lost
2023-09-11T00:39:00 INFO Cache miss
2023-09-11T00:39:30 INFO User login successful
2023-09-11T00:40:00 WARN Database connection lost
2023-09-11T00:40:30 WARN Cache miss
2023-09-11T00:41:00 ERROR User login successful
2023-09-11T00:41:30 INFO User login successful
2023-09-11T00:42:00 ERROR Request timed out
2023-09-11T00:42:30 INFO Database connection lost
2023-09-11T00:43:00 WARN Fetching data from API
2023-09-11T00:43:30 INFO Processed batch job
2023-09-11T00:44:00 WARN Retrying request
2023-09-11T00:44:30 ERROR Disk space low
2023-09-11T00:45:00 WARN Processed batch job
2023-09-11T00:45:30 INFO Request timed out
2023-09-11T00:46:00 ERROR Cache miss
2023-09-11T00:46:30 INFO Retrying request
2023-09-11T00:47:00 INFO User login successful
2023-09-11T00:47:30 INFO Request timed out
2023-09-11T00:48:00 WARN Database connection lost
2023-09-11T00:48:30 WARN Request timed out
2023-09-11T00:49:00 INFO Database connection lost
2023-09-11T00:49:30 ERROR User login successful
2023-09-11T00:50:00 WARN Cache miss
