2023-09-11T00:02:00 ERROR User login successful
2023-09-11T00:04:00 INFO Database connection lost
2023-09-11T00:06:00 INFO Disk space low
2023-09-11T00:08:00 WARN Processed batch job
2023-09-11T00:10:00 INFO Retrying request
2023-09-11T00:12:00 INFO User login successful
2023-09-11T00:14:00 ERROR Cache miss
2023-09-11T00:16:00 ERROR Request timed out
2023-09-11T00:18:00 WARN User login successful
2023-09-11T00:20:00 INFO Retrying request
2023-09-11T00:22:00 WARN Fetching data from API
2023-09-11T00:24:00 INFO Database connection lost
2023-09-11T00:26:00 WARN Cache miss
2023-09-11T00:28:00 WARN Database connection lost
2023-09-11T00:30:00 INFO Request timed out
2023-09-11T00:32:00 ERROR Processed batch job
2023-09-11T00:34:00 WARN Database connection lost
2023-09-11T00:36:00 INFO Request timed out
2023-09-11T00:38:00 ERROR Disk space low
2023-09-11T00:40:00 INFO Processed batch job
2023-09-11T00:42:00 ERROR User login successful
2023-09-11T00:44:00 ERROR Disk space low
2023-09-11T00:46:00 ERROR Fetching data from API
2023-09-11T00:48:00 INFO Cache miss
2023-09-11T00:50:00 INFO Retrying request
